c:\users\user\desktop\sp\lab2\circle_textfield\circle_textfield\arm64\debug\vc143.pdb
c:\users\user\desktop\sp\lab2\circle_textfield\circle_textfield\arm64\debug\vc143.idb
c:\users\user\desktop\sp\lab2\circle_textfield\circle_textfield\arm64\debug\window.obj
c:\users\user\desktop\sp\lab2\circle_textfield\circle_textfield\arm64\debug\utils.obj
c:\users\user\desktop\sp\lab2\circle_textfield\circle_textfield\arm64\debug\main.obj
c:\users\user\desktop\sp\lab2\circle_textfield\circle_textfield\arm64\debug\circle_textfield.obj
c:\users\user\desktop\sp\lab2\circle_textfield\circle_textfield\arm64\debug\circle_textfield.res
c:\users\user\desktop\sp\lab2\circle_textfield\circle_textfield\arm64\debug\circle_textfield.ilk
c:\users\user\desktop\sp\lab2\circle_textfield\arm64\debug\circle_textfield.pdb
c:\users\user\desktop\sp\lab2\circle_textfield\circle_textfield\arm64\debug\circle_textfield.tlog\cl.command.1.tlog
c:\users\user\desktop\sp\lab2\circle_textfield\circle_textfield\arm64\debug\circle_textfield.tlog\cl.items.tlog
c:\users\user\desktop\sp\lab2\circle_textfield\circle_textfield\arm64\debug\circle_textfield.tlog\cl.read.1.tlog
c:\users\user\desktop\sp\lab2\circle_textfield\circle_textfield\arm64\debug\circle_textfield.tlog\cl.write.1.tlog
c:\users\user\desktop\sp\lab2\circle_textfield\circle_textfield\arm64\debug\circle_textfield.tlog\link.9056-cvtres.read.1.tlog
c:\users\user\desktop\sp\lab2\circle_textfield\circle_textfield\arm64\debug\circle_textfield.tlog\link.9056-cvtres.write.1.tlog
c:\users\user\desktop\sp\lab2\circle_textfield\circle_textfield\arm64\debug\circle_textfield.tlog\link.9056-rc.read.1.tlog
c:\users\user\desktop\sp\lab2\circle_textfield\circle_textfield\arm64\debug\circle_textfield.tlog\link.9056-rc.write.1.tlog
c:\users\user\desktop\sp\lab2\circle_textfield\circle_textfield\arm64\debug\circle_textfield.tlog\link.9056.read.1.tlog
c:\users\user\desktop\sp\lab2\circle_textfield\circle_textfield\arm64\debug\circle_textfield.tlog\link.9056.read.3.tlog
c:\users\user\desktop\sp\lab2\circle_textfield\circle_textfield\arm64\debug\circle_textfield.tlog\link.9056.write.1.tlog
c:\users\user\desktop\sp\lab2\circle_textfield\circle_textfield\arm64\debug\circle_textfield.tlog\link.command.1.tlog
c:\users\user\desktop\sp\lab2\circle_textfield\circle_textfield\arm64\debug\circle_textfield.tlog\link.read.1.tlog
c:\users\user\desktop\sp\lab2\circle_textfield\circle_textfield\arm64\debug\circle_textfield.tlog\link.secondary.1.tlog
c:\users\user\desktop\sp\lab2\circle_textfield\circle_textfield\arm64\debug\circle_textfield.tlog\link.write.1.tlog
c:\users\user\desktop\sp\lab2\circle_textfield\circle_textfield\arm64\debug\circle_textfield.tlog\rc.command.1.tlog
c:\users\user\desktop\sp\lab2\circle_textfield\circle_textfield\arm64\debug\circle_textfield.tlog\rc.read.1.tlog
c:\users\user\desktop\sp\lab2\circle_textfield\circle_textfield\arm64\debug\circle_textfield.tlog\rc.write.1.tlog
